

*******************************************************************************
Thu Oct 30 16:57:26 2025


FIT:    data read from './data/prec_ang_vel/precession_angular_velocity.dat'
        format = z
        #datapoints = 7
        residuals are weighted equally (unit weight)

function used for fitting: f(x)
	f(x)=a*x
fitted parameters initialized with current variable values

iter      chisq       delta/lim  lambda   a            
   0 4.1034195133e-02   0.00e+00  4.36e-04    1.000000e+00
   4 1.3057218935e-06  -2.04e-08  4.36e-08    1.764325e+02

After 4 iterations the fit converged.
final sum of squares of residuals : 1.30572e-06
rel. change during last iteration : -2.04019e-13

degrees of freedom    (FIT_NDF)                        : 6
rms of residuals      (FIT_STDFIT) = sqrt(WSSR/ndf)    : 0.000466498
variance of residuals (reduced chisquare) = WSSR/ndf   : 2.1762e-07

Final set of parameters            Asymptotic Standard Error
=======================            ==========================
a               = 176.432          +/- 0.404        (0.229%)
